[2026-07-19 22:39:51] Database query error
Request URI: /admin/plugins/vpn-manager-v2/sync/connection/10
Request Method: POST
Remote IP: ::1
Exception: PDOException
Message: SQLSTATE[42S22]: Column not found: 1054 Unknown column 'n.encrypted_client_credential' in 'field list'
File: /Applications/MAMP/htdocs/FIREBALL_CMS/core/Database.php
Line: 48
Trace: #0 /Applications/MAMP/htdocs/FIREBALL_CMS/core/Database.php(48): PDOStatement->execute(Array)
#1 /Applications/MAMP/htdocs/FIREBALL_CMS/plugins/vpn-manager-v2/src/Repositories/PlanReconciliationRepository.php(256): FBL\Database->query('SELECT n.id, n....', Array)
#2 /Applications/MAMP/htdocs/FIREBALL_CMS/plugins/vpn-manager-v2/src/Controllers/Admin/SyncController.php(107): Fireball\VpnManagerV2\Repositories\PlanReconciliationRepository->node(10)
#3 [internal function]: Fireball\VpnManagerV2\Controllers\Admin\SyncController->connection()
#4 /Applications/MAMP/htdocs/FIREBALL_CMS/core/Router.php(103): call_user_func(Array)
#5 /Applications/MAMP/htdocs/FIREBALL_CMS/core/Application.php(82): FBL\Router->dispatch()
#6 /Applications/MAMP/htdocs/FIREBALL_CMS/public/index.php(82): FBL\Application->run()
#7 {main}
SQL: SELECT n.id, n.subscription_id, n.server_id, n.inbound_id, n.remote_client_id,
                    n.client_uuid, n.encrypted_client_credential, n.client_email, n.client_sub_id, n.protocol, n.network,
                    n.security, n.flow, n.status, n.desired_enabled, n.is_obsolete,
                    n.traffic_limit_bytes, n.traffic_used_bytes, n.last_sync_at, n.last_error,
                    sub.user_id, sub.plan_id, sub.status AS subscription_status,
                    sub.starts_at, sub.expires_at, sub.device_limit,
                    sub.traffic_limit_bytes AS subscription_traffic_limit_bytes, sub.created_by
             FROM vpn_v2_subscription_nodes n
             INNER JOIN vpn_v2_subscriptions sub ON sub.id = n.subscription_id
             WHERE n.id = ? LIMIT 1
Param Count: 1
Param Keys: ["0"]
========================================================================
[2026-07-19 22:39:51] Unhandled application exception
Request URI: /admin/plugins/vpn-manager-v2/sync/connection/10
Request Method: POST
Remote IP: ::1
Exception: PDOException
Message: SQLSTATE[42S22]: Column not found: 1054 Unknown column 'n.encrypted_client_credential' in 'field list'
File: /Applications/MAMP/htdocs/FIREBALL_CMS/core/Database.php
Line: 48
Trace: #0 /Applications/MAMP/htdocs/FIREBALL_CMS/core/Database.php(48): PDOStatement->execute(Array)
#1 /Applications/MAMP/htdocs/FIREBALL_CMS/plugins/vpn-manager-v2/src/Repositories/PlanReconciliationRepository.php(256): FBL\Database->query('SELECT n.id, n....', Array)
#2 /Applications/MAMP/htdocs/FIREBALL_CMS/plugins/vpn-manager-v2/src/Controllers/Admin/SyncController.php(107): Fireball\VpnManagerV2\Repositories\PlanReconciliationRepository->node(10)
#3 [internal function]: Fireball\VpnManagerV2\Controllers\Admin\SyncController->connection()
#4 /Applications/MAMP/htdocs/FIREBALL_CMS/core/Router.php(103): call_user_func(Array)
#5 /Applications/MAMP/htdocs/FIREBALL_CMS/core/Application.php(82): FBL\Router->dispatch()
#6 /Applications/MAMP/htdocs/FIREBALL_CMS/public/index.php(82): FBL\Application->run()
#7 {main}
========================================================================
[2026-07-19 22:40:09] Database query error
Request URI: /admin/plugins/vpn-manager-v2/conflicts
Request Method: GET
Remote IP: ::1
Exception: PDOException
Message: SQLSTATE[42S22]: Column not found: 1054 Unknown column 'r.encrypted_client_credential' in 'field list'
File: /Applications/MAMP/htdocs/FIREBALL_CMS/core/Database.php
Line: 48
Trace: #0 /Applications/MAMP/htdocs/FIREBALL_CMS/core/Database.php(48): PDOStatement->execute(Array)
#1 /Applications/MAMP/htdocs/FIREBALL_CMS/plugins/vpn-manager-v2/src/Repositories/ConfigurationSyncRepository.php(384): FBL\Database->query('SELECT r.id, r....')
#2 /Applications/MAMP/htdocs/FIREBALL_CMS/plugins/vpn-manager-v2/src/Controllers/Admin/SyncController.php(33): Fireball\VpnManagerV2\Repositories\ConfigurationSyncRepository->unmanagedRemoteClients()
#3 [internal function]: Fireball\VpnManagerV2\Controllers\Admin\SyncController->conflicts()
#4 /Applications/MAMP/htdocs/FIREBALL_CMS/core/Router.php(103): call_user_func(Array)
#5 /Applications/MAMP/htdocs/FIREBALL_CMS/core/Application.php(82): FBL\Router->dispatch()
#6 /Applications/MAMP/htdocs/FIREBALL_CMS/public/index.php(82): FBL\Application->run()
#7 {main}
SQL: SELECT r.id, r.server_id, r.inbound_id, r.remote_client_name,
                    CASE WHEN r.encrypted_client_credential IS NOT NULL AND r.encrypted_client_credential <> '' THEN '••••••••'
                         WHEN r.client_uuid IS NULL OR r.client_uuid = '' THEN NULL
                         ELSE CONCAT(LEFT(r.client_uuid, 8), '…', RIGHT(r.client_uuid, 4)) END AS credential_preview,
                    r.last_seen_at, s.name AS server_name, i.name AS inbound_name
             FROM vpn_v2_remote_clients r
             INNER JOIN vpn_v2_servers s ON s.id = r.server_id
             INNER JOIN vpn_v2_inbounds i ON i.id = r.inbound_id
             WHERE r.management_status = 'unmanaged_remote' AND r.connection_id IS NULL
             ORDER BY r.last_seen_at DESC, r.id DESC LIMIT 100
Param Count: 0
Param Keys: []
========================================================================
[2026-07-19 22:40:09] Unhandled application exception
Request URI: /admin/plugins/vpn-manager-v2/conflicts
Request Method: GET
Remote IP: ::1
Exception: PDOException
Message: SQLSTATE[42S22]: Column not found: 1054 Unknown column 'r.encrypted_client_credential' in 'field list'
File: /Applications/MAMP/htdocs/FIREBALL_CMS/core/Database.php
Line: 48
Trace: #0 /Applications/MAMP/htdocs/FIREBALL_CMS/core/Database.php(48): PDOStatement->execute(Array)
#1 /Applications/MAMP/htdocs/FIREBALL_CMS/plugins/vpn-manager-v2/src/Repositories/ConfigurationSyncRepository.php(384): FBL\Database->query('SELECT r.id, r....')
#2 /Applications/MAMP/htdocs/FIREBALL_CMS/plugins/vpn-manager-v2/src/Controllers/Admin/SyncController.php(33): Fireball\VpnManagerV2\Repositories\ConfigurationSyncRepository->unmanagedRemoteClients()
#3 [internal function]: Fireball\VpnManagerV2\Controllers\Admin\SyncController->conflicts()
#4 /Applications/MAMP/htdocs/FIREBALL_CMS/core/Router.php(103): call_user_func(Array)
#5 /Applications/MAMP/htdocs/FIREBALL_CMS/core/Application.php(82): FBL\Router->dispatch()
#6 /Applications/MAMP/htdocs/FIREBALL_CMS/public/index.php(82): FBL\Application->run()
#7 {main}
========================================================================
[2026-07-19 22:40:31] Database query error
Request URI: /admin/plugins/vpn-manager-v2/conflicts
Request Method: GET
Remote IP: ::1
Exception: PDOException
Message: SQLSTATE[42S22]: Column not found: 1054 Unknown column 'r.encrypted_client_credential' in 'field list'
File: /Applications/MAMP/htdocs/FIREBALL_CMS/core/Database.php
Line: 48
Trace: #0 /Applications/MAMP/htdocs/FIREBALL_CMS/core/Database.php(48): PDOStatement->execute(Array)
#1 /Applications/MAMP/htdocs/FIREBALL_CMS/plugins/vpn-manager-v2/src/Repositories/ConfigurationSyncRepository.php(384): FBL\Database->query('SELECT r.id, r....')
#2 /Applications/MAMP/htdocs/FIREBALL_CMS/plugins/vpn-manager-v2/src/Controllers/Admin/SyncController.php(33): Fireball\VpnManagerV2\Repositories\ConfigurationSyncRepository->unmanagedRemoteClients()
#3 [internal function]: Fireball\VpnManagerV2\Controllers\Admin\SyncController->conflicts()
#4 /Applications/MAMP/htdocs/FIREBALL_CMS/core/Router.php(103): call_user_func(Array)
#5 /Applications/MAMP/htdocs/FIREBALL_CMS/core/Application.php(82): FBL\Router->dispatch()
#6 /Applications/MAMP/htdocs/FIREBALL_CMS/public/index.php(82): FBL\Application->run()
#7 {main}
SQL: SELECT r.id, r.server_id, r.inbound_id, r.remote_client_name,
                    CASE WHEN r.encrypted_client_credential IS NOT NULL AND r.encrypted_client_credential <> '' THEN '••••••••'
                         WHEN r.client_uuid IS NULL OR r.client_uuid = '' THEN NULL
                         ELSE CONCAT(LEFT(r.client_uuid, 8), '…', RIGHT(r.client_uuid, 4)) END AS credential_preview,
                    r.last_seen_at, s.name AS server_name, i.name AS inbound_name
             FROM vpn_v2_remote_clients r
             INNER JOIN vpn_v2_servers s ON s.id = r.server_id
             INNER JOIN vpn_v2_inbounds i ON i.id = r.inbound_id
             WHERE r.management_status = 'unmanaged_remote' AND r.connection_id IS NULL
             ORDER BY r.last_seen_at DESC, r.id DESC LIMIT 100
Param Count: 0
Param Keys: []
========================================================================
[2026-07-19 22:40:31] Unhandled application exception
Request URI: /admin/plugins/vpn-manager-v2/conflicts
Request Method: GET
Remote IP: ::1
Exception: PDOException
Message: SQLSTATE[42S22]: Column not found: 1054 Unknown column 'r.encrypted_client_credential' in 'field list'
File: /Applications/MAMP/htdocs/FIREBALL_CMS/core/Database.php
Line: 48
Trace: #0 /Applications/MAMP/htdocs/FIREBALL_CMS/core/Database.php(48): PDOStatement->execute(Array)
#1 /Applications/MAMP/htdocs/FIREBALL_CMS/plugins/vpn-manager-v2/src/Repositories/ConfigurationSyncRepository.php(384): FBL\Database->query('SELECT r.id, r....')
#2 /Applications/MAMP/htdocs/FIREBALL_CMS/plugins/vpn-manager-v2/src/Controllers/Admin/SyncController.php(33): Fireball\VpnManagerV2\Repositories\ConfigurationSyncRepository->unmanagedRemoteClients()
#3 [internal function]: Fireball\VpnManagerV2\Controllers\Admin\SyncController->conflicts()
#4 /Applications/MAMP/htdocs/FIREBALL_CMS/core/Router.php(103): call_user_func(Array)
#5 /Applications/MAMP/htdocs/FIREBALL_CMS/core/Application.php(82): FBL\Router->dispatch()
#6 /Applications/MAMP/htdocs/FIREBALL_CMS/public/index.php(82): FBL\Application->run()
#7 {main}
========================================================================
[2026-07-19 22:55:56] Database connection error
Request URI: -
Request Method: -
Remote IP: -
Exception: PDOException
Message: SQLSTATE[HY000] [2002] No such file or directory
File: /Applications/MAMP/htdocs/FIREBALL_CMS/core/Database.php
Line: 25
Trace: #0 /Applications/MAMP/htdocs/FIREBALL_CMS/core/Database.php(25): PDO->__construct('mysql:host=loca...', 'root', Object(SensitiveParameterValue), Array)
#1 Command line code(1): FBL\Database->__construct()
#2 {main}
Driver: mysql
Host: localhost
Port: 3306
Database: fbl
Username: root
DSN: mysql:host=localhost;dbname=fbl;charset=utf8mb4;port=3306
========================================================================
[2026-07-19 22:56:34] Database connection error
Request URI: -
Request Method: -
Remote IP: -
Exception: PDOException
Message: SQLSTATE[HY000] [2002] Operation not permitted
File: /Applications/MAMP/htdocs/FIREBALL_CMS/core/Database.php
Line: 25
Trace: #0 /Applications/MAMP/htdocs/FIREBALL_CMS/core/Database.php(25): PDO->__construct('mysql:host=loca...', 'root', Object(SensitiveParameterValue), Array)
#1 Command line code(1): FBL\Database->__construct()
#2 {main}
Driver: mysql
Host: localhost
Port: 3306
Database: fbl
Username: root
DSN: mysql:host=localhost;dbname=fbl;charset=utf8mb4;port=3306
========================================================================
[2026-07-19 23:02:18] Database query error
Request URI: /admin/plugins/vpn-manager-v2/subscriptions/1
Request Method: GET
Remote IP: ::1
Exception: PDOException
Message: SQLSTATE[42S22]: Column not found: 1054 Unknown column 'encrypted_client_credential' in 'field list'
File: /Applications/MAMP/htdocs/FIREBALL_CMS/core/Database.php
Line: 48
Trace: #0 /Applications/MAMP/htdocs/FIREBALL_CMS/core/Database.php(48): PDOStatement->execute(Array)
#1 /Applications/MAMP/htdocs/FIREBALL_CMS/plugins/vpn-manager-v2/src/Repositories/PlanReconciliationRepository.php(242): FBL\Database->query('SELECT id, subs...', Array)
#2 /Applications/MAMP/htdocs/FIREBALL_CMS/plugins/vpn-manager-v2/src/Services/VpnPlanSubscriptionReconciler.php(254): Fireball\VpnManagerV2\Repositories\PlanReconciliationRepository->subscriptionNodes(1)
#3 /Applications/MAMP/htdocs/FIREBALL_CMS/plugins/vpn-manager-v2/src/Controllers/Admin/SubscriptionController.php(136): Fireball\VpnManagerV2\Services\VpnPlanSubscriptionReconciler->findMissingNodes(1)
#4 [internal function]: Fireball\VpnManagerV2\Controllers\Admin\SubscriptionController->show()
#5 /Applications/MAMP/htdocs/FIREBALL_CMS/core/Router.php(103): call_user_func(Array)
#6 /Applications/MAMP/htdocs/FIREBALL_CMS/core/Application.php(82): FBL\Router->dispatch()
#7 /Applications/MAMP/htdocs/FIREBALL_CMS/public/index.php(82): FBL\Application->run()
#8 {main}
SQL: SELECT id, subscription_id, server_id, inbound_id, remote_client_id, client_uuid,
                    encrypted_client_credential,
                    client_email, client_sub_id, protocol, network, security, flow, status,
                    desired_enabled, is_obsolete, traffic_limit_bytes, traffic_used_bytes,
                    upload_bytes, download_bytes, traffic_synced_at, traffic_sync_status,
                    last_sync_at, last_error, created_at, updated_at
             FROM vpn_v2_subscription_nodes WHERE subscription_id = ? ORDER BY id ASC
Param Count: 1
Param Keys: ["0"]
========================================================================
[2026-07-19 23:02:18] Unhandled application exception
Request URI: /admin/plugins/vpn-manager-v2/subscriptions/1
Request Method: GET
Remote IP: ::1
Exception: PDOException
Message: SQLSTATE[42S22]: Column not found: 1054 Unknown column 'encrypted_client_credential' in 'field list'
File: /Applications/MAMP/htdocs/FIREBALL_CMS/core/Database.php
Line: 48
Trace: #0 /Applications/MAMP/htdocs/FIREBALL_CMS/core/Database.php(48): PDOStatement->execute(Array)
#1 /Applications/MAMP/htdocs/FIREBALL_CMS/plugins/vpn-manager-v2/src/Repositories/PlanReconciliationRepository.php(242): FBL\Database->query('SELECT id, subs...', Array)
#2 /Applications/MAMP/htdocs/FIREBALL_CMS/plugins/vpn-manager-v2/src/Services/VpnPlanSubscriptionReconciler.php(254): Fireball\VpnManagerV2\Repositories\PlanReconciliationRepository->subscriptionNodes(1)
#3 /Applications/MAMP/htdocs/FIREBALL_CMS/plugins/vpn-manager-v2/src/Controllers/Admin/SubscriptionController.php(136): Fireball\VpnManagerV2\Services\VpnPlanSubscriptionReconciler->findMissingNodes(1)
#4 [internal function]: Fireball\VpnManagerV2\Controllers\Admin\SubscriptionController->show()
#5 /Applications/MAMP/htdocs/FIREBALL_CMS/core/Router.php(103): call_user_func(Array)
#6 /Applications/MAMP/htdocs/FIREBALL_CMS/core/Application.php(82): FBL\Router->dispatch()
#7 /Applications/MAMP/htdocs/FIREBALL_CMS/public/index.php(82): FBL\Application->run()
#8 {main}
========================================================================
